<?xml version="1.0" encoding="UTF-8"?>
<!-- Generated by org.testng.reporters.JUnitReportReporter -->
<testsuite hostname="DESKTOP-QG00M44" failures="0" tests="6" name="org.weatherComparision.testcases.WeatherDataComparisionTest" time="0.772" errors="0" timestamp="2020-07-19T09:48:32 IST" skipped="0">
  <testcase classname="org.weatherComparision.testcases.WeatherDataComparisionTest" name="compareWeatherConditions" time="0.239"/>
  <system-out/>
  <testcase classname="org.weatherComparision.testcases.WeatherDataComparisionTest" name="compareWeatherConditions" time="0.099"/>
  <system-out/>
  <testcase classname="org.weatherComparision.testcases.WeatherDataComparisionTest" name="compareWeatherConditions" time="0.103"/>
  <system-out/>
  <testcase classname="org.weatherComparision.testcases.WeatherDataComparisionTest" name="compareWeatherConditions" time="0.176"/>
  <system-out/>
  <testcase classname="org.weatherComparision.testcases.WeatherDataComparisionTest" name="compareWeatherConditions" time="0.071"/>
  <system-out/>
  <testcase classname="org.weatherComparision.testcases.WeatherDataComparisionTest" name="compareWeatherConditions" time="0.084"/>
  <system-out/>
</testsuite> <!-- org.weatherComparision.testcases.WeatherDataComparisionTest -->
