<?xml version="1.0" encoding="UTF-8"?>
<!-- Generated by org.testng.reporters.JUnitReportReporter -->
<testsuite hostname="DESKTOP-QG00M44" failures="0" tests="6" name="com.weatherData.testcases.WeatherPageTest" time="93.528" errors="0" timestamp="2020-07-19T08:31:22 IST" skipped="0">
  <testcase classname="com.weatherData.testcases.WeatherPageTest" name="collectData" time="22.422"/>
  <system-out/>
  <testcase classname="com.weatherData.testcases.WeatherPageTest" name="collectData" time="13.835"/>
  <system-out/>
  <testcase classname="com.weatherData.testcases.WeatherPageTest" name="collectData" time="11.502"/>
  <system-out/>
  <testcase classname="com.weatherData.testcases.WeatherPageTest" name="collectData" time="11.018"/>
  <system-out/>
  <testcase classname="com.weatherData.testcases.WeatherPageTest" name="collectData" time="21.933"/>
  <system-out/>
  <testcase classname="com.weatherData.testcases.WeatherPageTest" name="collectData" time="12.818"/>
  <system-out/>
</testsuite> <!-- com.weatherData.testcases.WeatherPageTest -->
