<?xml version="1.0" encoding="UTF-8"?>
<!-- Generated by org.testng.reporters.JUnitReportReporter -->
<testsuite hostname="DESKTOP-QG00M44" failures="0" tests="3" name="org.openweathermap.WeatherData" time="3.822" errors="0" timestamp="2020-07-19T03:49:55 IST" skipped="0">
  <testcase classname="org.openweathermap.WeatherData" name="testOpenWeatherMapData" time="0.545"/>
  <system-out/>
  <testcase classname="org.openweathermap.WeatherData" name="testOpenWeatherMapData" time="0.491"/>
  <system-out/>
  <testcase classname="org.openweathermap.WeatherData" name="testOpenWeatherMapData" time="2.786"/>
  <system-out/>
</testsuite> <!-- org.openweathermap.WeatherData -->
