<?xml version="1.0" encoding="UTF-8"?>
<!-- Generated by org.testng.reporters.JUnitReportReporter -->
<testsuite hostname="DESKTOP-QG00M44" failures="0" tests="6" name="com.weatherData.testcases.WeatherPageTest" time="93.570" errors="0" timestamp="2020-07-19T21:04:35 IST" skipped="0">
  <testcase classname="com.weatherData.testcases.WeatherPageTest" name="collectData" time="12.380"/>
  <system-out/>
  <testcase classname="com.weatherData.testcases.WeatherPageTest" name="collectData" time="12.875"/>
  <system-out/>
  <testcase classname="com.weatherData.testcases.WeatherPageTest" name="collectData" time="12.751"/>
  <system-out/>
  <testcase classname="com.weatherData.testcases.WeatherPageTest" name="collectData" time="21.114"/>
  <system-out/>
  <testcase classname="com.weatherData.testcases.WeatherPageTest" name="collectData" time="21.672"/>
  <system-out/>
  <testcase classname="com.weatherData.testcases.WeatherPageTest" name="collectData" time="12.778"/>
  <system-out/>
</testsuite> <!-- com.weatherData.testcases.WeatherPageTest -->
