<?xml version="1.0" encoding="UTF-8"?>
<!-- Generated by org.testng.reporters.JUnitReportReporter -->
<testsuite hostname="DESKTOP-QG00M44" failures="0" tests="3" name="com.ndtv.testcases.HomePageTest" time="30.805" errors="0" timestamp="2020-07-20T08:01:48 IST" skipped="0">
  <testcase classname="com.ndtv.testcases.HomePageTest" name="verifyHomePageTitleTest" time="11.218"/>
  <system-out/>
  <testcase classname="com.ndtv.testcases.HomePageTest" name="presenceOfWeatherLinkTest" time="9.201"/>
  <system-out/>
  <testcase classname="com.ndtv.testcases.HomePageTest" name="clickWeatherLinkTest" time="10.386"/>
  <system-out/>
</testsuite> <!-- com.ndtv.testcases.HomePageTest -->
