<?xml version="1.0" encoding="UTF-8"?>
<!-- Generated by org.testng.reporters.JUnitReportReporter -->
<testsuite hostname="DESKTOP-QG00M44" failures="0" tests="6" name="org.openweathermap.testcases.WeatherData" time="6.161" errors="0" timestamp="2020-07-19T06:14:47 IST" skipped="0">
  <testcase classname="org.openweathermap.testcases.WeatherData" name="testOpenWeatherMapData" time="0.567"/>
  <system-out/>
  <testcase classname="org.openweathermap.testcases.WeatherData" name="testOpenWeatherMapData" time="0.770"/>
  <system-out/>
  <testcase classname="org.openweathermap.testcases.WeatherData" name="testOpenWeatherMapData" time="2.904"/>
  <system-out/>
  <testcase classname="org.openweathermap.testcases.WeatherData" name="testOpenWeatherMapData" time="0.700"/>
  <system-out/>
  <testcase classname="org.openweathermap.testcases.WeatherData" name="testOpenWeatherMapData" time="0.607"/>
  <system-out/>
  <testcase classname="org.openweathermap.testcases.WeatherData" name="testOpenWeatherMapData" time="0.613"/>
  <system-out/>
</testsuite> <!-- org.openweathermap.testcases.WeatherData -->
