<?xml version="1.0" encoding="UTF-8"?>
<!-- Generated by org.testng.reporters.JUnitReportReporter -->
<testsuite hostname="DESKTOP-QG00M44" failures="0" tests="6" name="com.weatherData.testcases.WeatherPageTest" time="98.051" errors="0" timestamp="2020-07-20T05:50:56 IST" skipped="0">
  <testcase classname="com.weatherData.testcases.WeatherPageTest" name="collectDataTest" time="23.284"/>
  <system-out/>
  <testcase classname="com.weatherData.testcases.WeatherPageTest" name="collectDataTest" time="12.057"/>
  <system-out/>
  <testcase classname="com.weatherData.testcases.WeatherPageTest" name="collectDataTest" time="13.315"/>
  <system-out/>
  <testcase classname="com.weatherData.testcases.WeatherPageTest" name="collectDataTest" time="13.618"/>
  <system-out/>
  <testcase classname="com.weatherData.testcases.WeatherPageTest" name="collectDataTest" time="11.786"/>
  <system-out/>
  <testcase classname="com.weatherData.testcases.WeatherPageTest" name="collectDataTest" time="23.991"/>
  <system-out/>
</testsuite> <!-- com.weatherData.testcases.WeatherPageTest -->
