<?xml version="1.0" encoding="UTF-8"?>
<!-- Generated by org.testng.reporters.JUnitReportReporter -->
<testsuite hostname="DESKTOP-QG00M44" failures="0" tests="3" name="org.openweathermap.WeatherData" time="3.610" errors="0" timestamp="2020-07-19T00:33:06 IST" skipped="0">
  <testcase classname="org.openweathermap.WeatherData" name="testOpenWeatherMapData" time="2.596"/>
  <system-out/>
  <testcase classname="org.openweathermap.WeatherData" name="testOpenWeatherMapData" time="0.519"/>
  <system-out/>
  <testcase classname="org.openweathermap.WeatherData" name="testOpenWeatherMapData" time="0.495"/>
  <system-out/>
</testsuite> <!-- org.openweathermap.WeatherData -->
