<?xml version="1.0" encoding="UTF-8"?>
<!-- Generated by org.testng.reporters.JUnitReportReporter -->
<testsuite hostname="DESKTOP-QG00M44" failures="0" tests="1" name="com.weatherData.testcases.testClass" time="9.340" errors="0" timestamp="2020-07-16T23:48:03 IST" skipped="0">
  <testcase classname="com.weatherData.testcases.testClass" name="verifyHomePageTitleTest" time="9.340"/>
  <system-out/>
</testsuite> <!-- com.weatherData.testcases.testClass -->
