<?xml version="1.0" encoding="UTF-8"?>
<!-- Generated by org.testng.reporters.JUnitReportReporter -->
<testsuite hostname="DESKTOP-QG00M44" failures="0" tests="1" name="com.weatherData.testcases.WeatherPageTest2" time="13.351" errors="0" timestamp="2020-07-18T06:45:12 IST" skipped="0">
  <testcase classname="com.weatherData.testcases.WeatherPageTest2" name="collectData" time="13.351"/>
  <system-out/>
</testsuite> <!-- com.weatherData.testcases.WeatherPageTest2 -->
