<?xml version="1.0" encoding="UTF-8"?>
<!-- Generated by org.testng.reporters.JUnitReportReporter -->
<testsuite hostname="DESKTOP-QG00M44" failures="0" tests="6" name="org.openweathermap.testcases.WeatherDataOWM" time="6.111" errors="0" timestamp="2020-07-20T02:05:40 IST" skipped="0">
  <testcase classname="org.openweathermap.testcases.WeatherDataOWM" name="testOpenWeatherMapData" time="3.043"/>
  <system-out/>
  <testcase classname="org.openweathermap.testcases.WeatherDataOWM" name="testOpenWeatherMapData" time="0.556"/>
  <system-out/>
  <testcase classname="org.openweathermap.testcases.WeatherDataOWM" name="testOpenWeatherMapData" time="0.630"/>
  <system-out/>
  <testcase classname="org.openweathermap.testcases.WeatherDataOWM" name="testOpenWeatherMapData" time="0.589"/>
  <system-out/>
  <testcase classname="org.openweathermap.testcases.WeatherDataOWM" name="testOpenWeatherMapData" time="0.591"/>
  <system-out/>
  <testcase classname="org.openweathermap.testcases.WeatherDataOWM" name="testOpenWeatherMapData" time="0.702"/>
  <system-out/>
</testsuite> <!-- org.openweathermap.testcases.WeatherDataOWM -->
