<?xml version="1.0" encoding="UTF-8"?>
<!-- Generated by org.testng.reporters.JUnitReportReporter -->
<testsuite hostname="DESKTOP-QG00M44" failures="0" tests="6" name="com.weatherData.testcases.WeatherPageTest" time="96.243" errors="0" timestamp="2020-07-20T04:07:51 IST" skipped="0">
  <testcase classname="com.weatherData.testcases.WeatherPageTest" name="enterCityNameTest" time="12.391"/>
  <system-out/>
  <testcase classname="com.weatherData.testcases.WeatherPageTest" name="enterCityNameTest" time="12.044"/>
  <system-out/>
  <testcase classname="com.weatherData.testcases.WeatherPageTest" name="enterCityNameTest" time="11.732"/>
  <system-out/>
  <testcase classname="com.weatherData.testcases.WeatherPageTest" name="enterCityNameTest" time="24.485"/>
  <system-out/>
  <testcase classname="com.weatherData.testcases.WeatherPageTest" name="enterCityNameTest" time="12.335"/>
  <system-out/>
  <testcase classname="com.weatherData.testcases.WeatherPageTest" name="enterCityNameTest" time="23.256"/>
  <system-out/>
</testsuite> <!-- com.weatherData.testcases.WeatherPageTest -->
