<?xml version="1.0" encoding="UTF-8"?>
<!-- Generated by org.testng.reporters.JUnitReportReporter -->
<testsuite hostname="DESKTOP-QG00M44" failures="0" tests="1" name="com.ndtv.base.TEST" time="0.008" errors="0" timestamp="2020-07-18T20:53:01 IST" skipped="0">
  <testcase classname="com.ndtv.base.TEST" name="test" time="0.008"/>
  <system-out/>
</testsuite> <!-- com.ndtv.base.TEST -->
