<?xml version="1.0" encoding="UTF-8"?>
<!-- Generated by org.testng.reporters.JUnitReportReporter -->
<testsuite hostname="DESKTOP-QG00M44" failures="0" tests="2" name="com.weatherData.testcases.WeatherPageTest" time="19.510" errors="0" timestamp="2020-07-17T21:50:31 IST" skipped="0">
  <testcase classname="com.weatherData.testcases.WeatherPageTest" name="presenceOfCityInput" time="9.607"/>
  <system-out/>
  <testcase classname="com.weatherData.testcases.WeatherPageTest" name="enterCityName" time="9.903"/>
  <system-out/>
</testsuite> <!-- com.weatherData.testcases.WeatherPageTest -->
