<?xml version="1.0" encoding="UTF-8"?>
<!-- Generated by org.testng.reporters.JUnitReportReporter -->
<testsuite hostname="DESKTOP-QG00M44" failures="0" tests="6" name="com.weatherData.testcases.WeatherPageTest" time="95.516" errors="0" timestamp="2020-07-19T05:52:08 IST" skipped="0">
  <testcase classname="com.weatherData.testcases.WeatherPageTest" name="collectData" time="22.450"/>
  <system-out/>
  <testcase classname="com.weatherData.testcases.WeatherPageTest" name="collectData" time="13.464"/>
  <system-out/>
  <testcase classname="com.weatherData.testcases.WeatherPageTest" name="collectData" time="12.375"/>
  <system-out/>
  <testcase classname="com.weatherData.testcases.WeatherPageTest" name="collectData" time="12.058"/>
  <system-out/>
  <testcase classname="com.weatherData.testcases.WeatherPageTest" name="collectData" time="21.966"/>
  <system-out/>
  <testcase classname="com.weatherData.testcases.WeatherPageTest" name="collectData" time="13.203"/>
  <system-out/>
</testsuite> <!-- com.weatherData.testcases.WeatherPageTest -->
