<?xml version="1.0" encoding="UTF-8"?>
<!-- Generated by org.testng.reporters.JUnitReportReporter -->
<testsuite hostname="DESKTOP-QG00M44" failures="0" tests="6" name="com.weatherData.testcases.WeatherPageTest" time="89.502" errors="0" timestamp="2020-07-19T12:16:59 IST" skipped="0">
  <testcase classname="com.weatherData.testcases.WeatherPageTest" name="collectData" time="12.383"/>
  <system-out/>
  <testcase classname="com.weatherData.testcases.WeatherPageTest" name="collectData" time="21.555"/>
  <system-out/>
  <testcase classname="com.weatherData.testcases.WeatherPageTest" name="collectData" time="11.187"/>
  <system-out/>
  <testcase classname="com.weatherData.testcases.WeatherPageTest" name="collectData" time="20.518"/>
  <system-out/>
  <testcase classname="com.weatherData.testcases.WeatherPageTest" name="collectData" time="11.683"/>
  <system-out/>
  <testcase classname="com.weatherData.testcases.WeatherPageTest" name="collectData" time="12.176"/>
  <system-out/>
</testsuite> <!-- com.weatherData.testcases.WeatherPageTest -->
