<?xml version="1.0" encoding="UTF-8"?>
<!-- Generated by org.testng.reporters.JUnitReportReporter -->
<testsuite hostname="DESKTOP-QG00M44" failures="0" tests="1" name="com.weatherData.testcases.HomePageTest" time="9.569" errors="0" timestamp="2020-07-17T21:14:16 IST" skipped="0">
  <testcase classname="com.weatherData.testcases.HomePageTest" name="presenceOfWeatherLinkTest" time="9.569"/>
  <system-out/>
</testsuite> <!-- com.weatherData.testcases.HomePageTest -->
