<?xml version="1.0" encoding="UTF-8"?>
<!-- Generated by org.testng.reporters.JUnitReportReporter -->
<testsuite hostname="DESKTOP-QG00M44" failures="0" tests="6" name="org.openweathermap.testcases.WeatherDataOWM" time="8.230" errors="0" timestamp="2020-07-20T08:51:37 IST" skipped="0">
  <testcase classname="org.openweathermap.testcases.WeatherDataOWM" name="testOpenWeatherMapData" time="0.729"/>
  <system-out/>
  <testcase classname="org.openweathermap.testcases.WeatherDataOWM" name="testOpenWeatherMapData" time="0.677"/>
  <system-out/>
  <testcase classname="org.openweathermap.testcases.WeatherDataOWM" name="testOpenWeatherMapData" time="0.795"/>
  <system-out/>
  <testcase classname="org.openweathermap.testcases.WeatherDataOWM" name="testOpenWeatherMapData" time="0.626"/>
  <system-out/>
  <testcase classname="org.openweathermap.testcases.WeatherDataOWM" name="testOpenWeatherMapData" time="4.699"/>
  <system-out/>
  <testcase classname="org.openweathermap.testcases.WeatherDataOWM" name="testOpenWeatherMapData" time="0.704"/>
  <system-out/>
</testsuite> <!-- org.openweathermap.testcases.WeatherDataOWM -->
