<?xml version="1.0" encoding="UTF-8"?>
<!-- Generated by org.testng.reporters.JUnitReportReporter -->
<testsuite hostname="DESKTOP-QG00M44" failures="0" tests="1" name="com.weatherData.testcases.WeatherPageTest2" time="9.871" errors="0" timestamp="2020-07-18T05:11:58 IST" skipped="0">
  <testcase classname="com.weatherData.testcases.WeatherPageTest2" name="makesureCityDisplayedonMap" time="9.871"/>
  <system-out/>
</testsuite> <!-- com.weatherData.testcases.WeatherPageTest2 -->
