<?xml version="1.0" encoding="UTF-8"?>
<!-- Generated by org.testng.reporters.JUnitReportReporter -->
<testsuite hostname="DESKTOP-QG00M44" failures="0" tests="6" name="com.weatherData.testcases.WeatherPageTest" time="95.438" errors="0" timestamp="2020-07-20T03:48:33 IST" skipped="0">
  <testcase classname="com.weatherData.testcases.WeatherPageTest" name="collectDataTest" time="23.451"/>
  <system-out/>
  <testcase classname="com.weatherData.testcases.WeatherPageTest" name="collectDataTest" time="23.139"/>
  <system-out/>
  <testcase classname="com.weatherData.testcases.WeatherPageTest" name="collectDataTest" time="12.372"/>
  <system-out/>
  <testcase classname="com.weatherData.testcases.WeatherPageTest" name="collectDataTest" time="11.707"/>
  <system-out/>
  <testcase classname="com.weatherData.testcases.WeatherPageTest" name="collectDataTest" time="12.017"/>
  <system-out/>
  <testcase classname="com.weatherData.testcases.WeatherPageTest" name="collectDataTest" time="12.752"/>
  <system-out/>
</testsuite> <!-- com.weatherData.testcases.WeatherPageTest -->
