<?xml version="1.0" encoding="UTF-8"?>
<!-- Generated by org.testng.reporters.JUnitReportReporter -->
<testsuite hostname="DESKTOP-QG00M44" failures="0" tests="3" name="com.weatherData.testcases.WeatherPageTest" time="46.243" errors="0" timestamp="2020-07-18T16:21:36 IST" skipped="0">
  <testcase classname="com.weatherData.testcases.WeatherPageTest" name="collectData" time="12.807"/>
  <system-out/>
  <testcase classname="com.weatherData.testcases.WeatherPageTest" name="collectData" time="10.911"/>
  <system-out/>
  <testcase classname="com.weatherData.testcases.WeatherPageTest" name="collectData" time="22.525"/>
  <system-out/>
</testsuite> <!-- com.weatherData.testcases.WeatherPageTest -->
