<?xml version="1.0" encoding="UTF-8"?>
<!-- Generated by org.testng.reporters.JUnitReportReporter -->
<testsuite hostname="DESKTOP-QG00M44" failures="0" tests="1" name="com.weatherData.testcases.WeatherPageTest" time="12.707" errors="0" timestamp="2020-07-20T01:23:12 IST" skipped="0">
  <testcase classname="com.weatherData.testcases.WeatherPageTest" name="presenceOfCityInput" time="12.707"/>
  <system-out/>
</testsuite> <!-- com.weatherData.testcases.WeatherPageTest -->
