<?xml version="1.0" encoding="UTF-8"?>
<!-- Generated by org.testng.reporters.JUnitReportReporter -->
<testsuite hostname="DESKTOP-QG00M44" failures="0" tests="1" name="com.weatherData.testcases.HomePageTest" time="10.862" errors="0" timestamp="2020-07-20T01:49:59 IST" skipped="0">
  <testcase classname="com.weatherData.testcases.HomePageTest" name="clickWeatherLinkTest" time="10.862"/>
  <system-out/>
</testsuite> <!-- com.weatherData.testcases.HomePageTest -->
