<?xml version="1.0" encoding="UTF-8"?>
<!-- Generated by org.testng.reporters.JUnitReportReporter -->
<testsuite hostname="DESKTOP-QG00M44" failures="0" tests="6" name="org.openweathermap.testcases.WeatherData" time="6.019" errors="0" timestamp="2020-07-19T08:33:00 IST" skipped="0">
  <testcase classname="org.openweathermap.testcases.WeatherData" name="testOpenWeatherMapData" time="3.052"/>
  <system-out/>
  <testcase classname="org.openweathermap.testcases.WeatherData" name="testOpenWeatherMapData" time="0.563"/>
  <system-out/>
  <testcase classname="org.openweathermap.testcases.WeatherData" name="testOpenWeatherMapData" time="0.615"/>
  <system-out/>
  <testcase classname="org.openweathermap.testcases.WeatherData" name="testOpenWeatherMapData" time="0.519"/>
  <system-out/>
  <testcase classname="org.openweathermap.testcases.WeatherData" name="testOpenWeatherMapData" time="0.671"/>
  <system-out/>
  <testcase classname="org.openweathermap.testcases.WeatherData" name="testOpenWeatherMapData" time="0.599"/>
  <system-out/>
</testsuite> <!-- org.openweathermap.testcases.WeatherData -->
