<?xml version="1.0" encoding="UTF-8"?>
<!-- Generated by org.testng.reporters.JUnitReportReporter -->
<testsuite hostname="DESKTOP-QG00M44" failures="0" tests="6" name="org.openweathermap.testcases.WeatherDataOWM" time="6.667" errors="0" timestamp="2020-07-20T00:06:19 IST" skipped="0">
  <testcase classname="org.openweathermap.testcases.WeatherDataOWM" name="testOpenWeatherMapData" time="0.722"/>
  <system-out/>
  <testcase classname="org.openweathermap.testcases.WeatherDataOWM" name="testOpenWeatherMapData" time="3.349"/>
  <system-out/>
  <testcase classname="org.openweathermap.testcases.WeatherDataOWM" name="testOpenWeatherMapData" time="0.642"/>
  <system-out/>
  <testcase classname="org.openweathermap.testcases.WeatherDataOWM" name="testOpenWeatherMapData" time="0.585"/>
  <system-out/>
  <testcase classname="org.openweathermap.testcases.WeatherDataOWM" name="testOpenWeatherMapData" time="0.768"/>
  <system-out/>
  <testcase classname="org.openweathermap.testcases.WeatherDataOWM" name="testOpenWeatherMapData" time="0.601"/>
  <system-out/>
</testsuite> <!-- org.openweathermap.testcases.WeatherDataOWM -->
