<?xml version="1.0" encoding="UTF-8"?>
<!-- Generated by org.testng.reporters.JUnitReportReporter -->
<testsuite hostname="DESKTOP-QG00M44" failures="0" tests="3" name="org.openweathermap.WeatherData" time="2.602" errors="0" timestamp="2020-07-18T20:48:27 IST" skipped="0">
  <testcase classname="org.openweathermap.WeatherData" name="testOpenWeatherMapData" time="1.943"/>
  <system-out/>
  <testcase classname="org.openweathermap.WeatherData" name="testOpenWeatherMapData" time="0.342"/>
  <system-out/>
  <testcase classname="org.openweathermap.WeatherData" name="testOpenWeatherMapData" time="0.317"/>
  <system-out/>
</testsuite> <!-- org.openweathermap.WeatherData -->
