<?xml version="1.0" encoding="UTF-8"?>
<!-- Generated by org.testng.reporters.JUnitReportReporter -->
<testsuite hostname="DESKTOP-QG00M44" failures="0" tests="6" name="org.openweathermap.WeatherData" time="6.387" errors="0" timestamp="2020-07-19T05:46:03 IST" skipped="0">
  <testcase classname="org.openweathermap.WeatherData" name="testOpenWeatherMapData" time="0.649"/>
  <system-out/>
  <testcase classname="org.openweathermap.WeatherData" name="testOpenWeatherMapData" time="0.659"/>
  <system-out/>
  <testcase classname="org.openweathermap.WeatherData" name="testOpenWeatherMapData" time="0.531"/>
  <system-out/>
  <testcase classname="org.openweathermap.WeatherData" name="testOpenWeatherMapData" time="0.722"/>
  <system-out/>
  <testcase classname="org.openweathermap.WeatherData" name="testOpenWeatherMapData" time="3.031"/>
  <system-out/>
  <testcase classname="org.openweathermap.WeatherData" name="testOpenWeatherMapData" time="0.795"/>
  <system-out/>
</testsuite> <!-- org.openweathermap.WeatherData -->
